<?xml version="1.0" encoding="UTF-8"?>
<!-- Generated by org.testng.reporters.JUnitXMLReporter -->
<testsuite ignored="0" hostname="Leti" failures="4" tests="4" name="5 API Test cases" time="3.561" errors="0" timestamp="2023-03-13T02:28:30 PDT">
  <testcase classname="com.testsLeti.ApiAllTestsLetiWithConstants" name="getUserData" time="0.059">
    <failure type="java.lang.NoClassDefFoundError" message="com/POJOsLeti/LoginDataPojo">
      <![CDATA[java.lang.NoClassDefFoundError: com/POJOsLeti/LoginDataPojo
at com.testsLeti.ApiAllTestsLetiWithConstants.logintoApi(ApiAllTestsLetiWithConstants.java:53)
at com.testsLeti.ApiAllTestsLetiWithConstants.getUserData(ApiAllTestsLetiWithConstants.java:79)
at java.base/java.util.ArrayList.forEach(ArrayList.java:1511)
Caused by: java.lang.ClassNotFoundException: com.POJOsLeti.LoginDataPojo
at java.base/jdk.internal.loader.BuiltinClassLoader.loadClass(BuiltinClassLoader.java:641)
at java.base/jdk.internal.loader.ClassLoaders$AppClassLoader.loadClass(ClassLoaders.java:188)
at java.base/java.lang.ClassLoader.loadClass(ClassLoader.java:520)
... 30 more
... Removed 27 stack frames]]>
    </failure>
  </testcase> <!-- getUserData -->
  <testcase classname="com.testsLeti.ApiAllTestsLetiWithConstants" name="CreateUserData" time="0.023">
    <failure type="java.lang.NoClassDefFoundError" message="com/POJOsLeti/LoginDataPojo">
      <![CDATA[java.lang.NoClassDefFoundError: com/POJOsLeti/LoginDataPojo
at com.testsLeti.ApiAllTestsLetiWithConstants.logintoApi(ApiAllTestsLetiWithConstants.java:53)
at com.testsLeti.ApiAllTestsLetiWithConstants.CreateUserData(ApiAllTestsLetiWithConstants.java:102)
at java.base/java.util.ArrayList.forEach(ArrayList.java:1511)
Caused by: java.lang.ClassNotFoundException: com.POJOsLeti.LoginDataPojo
... 30 more
... Removed 27 stack frames]]>
    </failure>
  </testcase> <!-- CreateUserData -->
  <testcase classname="com.testsLeti.ApiAllTestsLetiWithConstants" name="updateUserData" time="0.017">
    <failure type="java.lang.NoClassDefFoundError" message="com/POJOsLeti/LoginDataPojo">
      <![CDATA[java.lang.NoClassDefFoundError: com/POJOsLeti/LoginDataPojo
at com.testsLeti.ApiAllTestsLetiWithConstants.logintoApi(ApiAllTestsLetiWithConstants.java:53)
at com.testsLeti.ApiAllTestsLetiWithConstants.updateUserData(ApiAllTestsLetiWithConstants.java:130)
at java.base/java.util.ArrayList.forEach(ArrayList.java:1511)
Caused by: java.lang.ClassNotFoundException: com.POJOsLeti.LoginDataPojo
... 30 more
... Removed 27 stack frames]]>
    </failure>
  </testcase> <!-- updateUserData -->
  <testcase classname="com.testsLeti.ApiAllTestsLetiWithConstants" name="deleteUserData" time="0.015">
    <failure type="java.lang.NoClassDefFoundError" message="com/POJOsLeti/LoginDataPojo">
      <![CDATA[java.lang.NoClassDefFoundError: com/POJOsLeti/LoginDataPojo
at com.testsLeti.ApiAllTestsLetiWithConstants.logintoApi(ApiAllTestsLetiWithConstants.java:53)
at com.testsLeti.ApiAllTestsLetiWithConstants.deleteUserData(ApiAllTestsLetiWithConstants.java:154)
at java.base/java.util.ArrayList.forEach(ArrayList.java:1511)
Caused by: java.lang.ClassNotFoundException: com.POJOsLeti.LoginDataPojo
... 30 more
... Removed 27 stack frames]]>
    </failure>
  </testcase> <!-- deleteUserData -->
</testsuite> <!-- 5 API Test cases -->
