<?xml version="1.0" encoding="UTF-8"?>
<!-- Generated by org.testng.reporters.JUnitXMLReporter -->
<testsuite ignored="4" hostname="Leti" failures="0" tests="1" name="Default test" time="8.244" errors="0" timestamp="2023-03-13T17:29:42 PDT">
  <testcase classname="com.testsLeti.ApiEmployeeTestsEndToEnd" name="TC5GetEmployeeInfo" time="4.925"/>
  <testcase classname="com.testsLeti.ApiEmployeeTestsEndToEnd" name="TC4DeleteEmployeeWithParam0" time="0.0">
    <ignored/>
  </testcase> <!-- TC4DeleteEmployeeWithParam0 -->
  <testcase classname="com.testsLeti.ApiEmployeeTestsEndToEnd" name="TC1GetEmployeeList" time="0.0">
    <ignored/>
  </testcase> <!-- TC1GetEmployeeList -->
  <testcase classname="com.testsLeti.ApiEmployeeTestsEndToEnd" name="TC3DeleteEmployee" time="0.0">
    <ignored/>
  </testcase> <!-- TC3DeleteEmployee -->
  <testcase classname="com.testsLeti.ApiEmployeeTestsEndToEnd" name="TC2CreateEmployee" time="0.0">
    <ignored/>
  </testcase> <!-- TC2CreateEmployee -->
</testsuite> <!-- Default test -->
